<?xml version="1.0" encoding="UTF-8"?>
<!-- Generated by org.testng.reporters.JUnitReportReporter -->
<testsuite ignored="0" hostname="ashish" failures="0" tests="1" name="DataDrivenExcel.DataDrivenExcel.Login" time="8.177" errors="0" timestamp="18 Mar 2022 18:25:54 GMT" skipped="0">
  <testcase classname="DataDrivenExcel.DataDrivenExcel.Login" name="loginTest" time="8.177"/>
</testsuite> <!-- DataDrivenExcel.DataDrivenExcel.Login -->
